{"C:\\Users\\crist\\Desktop\\test-typescript\\src\\routes\\getPlanet.route.ts": {"path":"C:\\Users\\crist\\Desktop\\test-typescript\\src\\routes\\getPlanet.route.ts","statementMap":{"0":{"start":{"line":2,"column":0},"end":{"line":2,"column":21}},"1":{"start":{"line":3,"column":0},"end":{"line":3,"column":70}},"2":{"start":{"line":12,"column":13},"end":{"line":28,"column":null}},"3":{"start":{"line":13,"column":2},"end":{"line":28,"column":3}},"4":{"start":{"line":14,"column":19},"end":{"line":17,"column":38}},"5":{"start":{"line":19,"column":21},"end":{"line":19,"column":85}},"6":{"start":{"line":21,"column":19},"end":{"line":21,"column":57}},"7":{"start":{"line":23,"column":4},"end":{"line":27,"column":null}},"8":{"start":{"line":24,"column":6},"end":{"line":24,"column":null}},"9":{"start":{"line":26,"column":6},"end":{"line":26,"column":null}},"10":{"start":{"line":30,"column":25},"end":{"line":30,"column":49}},"11":{"start":{"line":32,"column":30},"end":{"line":36,"column":1}},"12":{"start":{"line":33,"column":19},"end":{"line":33,"column":38}},"13":{"start":{"line":34,"column":17},"end":{"line":34,"column":49}},"14":{"start":{"line":35,"column":2},"end":{"line":35,"column":null}},"15":{"start":{"line":38,"column":0},"end":{"line":38,"column":null}}},"fnMap":{"0":{"name":"(anonymous_1)","decl":{"start":{"line":12,"column":33},"end":{"line":12,"column":34}},"loc":{"start":{"line":13,"column":2},"end":{"line":28,"column":3}}},"1":{"name":"(anonymous_2)","decl":{"start":{"line":13,"column":2},"end":{"line":13,"column":7}},"loc":{"start":{"line":13,"column":47},"end":{"line":28,"column":3}}},"2":{"name":"(anonymous_3)","decl":{"start":{"line":32,"column":30},"end":{"line":32,"column":35}},"loc":{"start":{"line":32,"column":53},"end":{"line":36,"column":1}}}},"branchMap":{"0":{"loc":{"start":{"line":23,"column":4},"end":{"line":27,"column":null}},"type":"if","locations":[{"start":{"line":23,"column":4},"end":{"line":27,"column":null}},{"start":{"line":23,"column":4},"end":{"line":27,"column":null}}]}},"s":{"0":1,"1":1,"2":1,"3":2,"4":1,"5":1,"6":1,"7":1,"8":0,"9":1,"10":1,"11":1,"12":0,"13":0,"14":0,"15":1},"f":{"0":2,"1":1,"2":0},"b":{"0":[0,1]}}
}
